2024-10-01T00:46:49.247+0800 [DEBUG] [org.gradle.launcher.daemon.bootstrap.DaemonMain] Assuming the daemon was started with following jvm opts: [--add-opens=java.base/java.util=ALL-UNNAMED, --add-opens=java.base/java.lang=ALL-UNNAMED, --add-opens=java.base/java.lang.invoke=ALL-UNNAMED, --add-opens=java.prefs/java.util.prefs=ALL-UNNAMED, --add-opens=java.base/java.nio.charset=ALL-UNNAMED, --add-opens=java.base/java.net=ALL-UNNAMED, --add-opens=java.base/java.util.concurrent.atomic=ALL-UNNAMED, -Xmx2048m, -Dfile.encoding=UTF-8, -Duser.country=CN, -Duser.language=zh, -Duser.variant]
2024-10-01T00:46:49.460+0800 [DEBUG] [org.gradle.internal.nativeintegration.services.NativeServices] Native-platform posix files integration is not available. Continuing with fallback.
2024-10-01T00:46:49.474+0800 [INFO] [org.gradle.launcher.daemon.server.Daemon] start() called on daemon - DefaultDaemonContext[uid=dfed4e9b-7f5b-4189-96a7-66b5ee41394d,javaHome=D:\AndroidStudio\AndroidDevTool\jbr,daemonRegistryDir=C:\Users\kenny\Desktop\info-dance\client\info-dance-android\gradle\daemon,pid=17068,idleTimeout=10800000,priority=NORMAL,applyInstrumentationAgent=true,daemonOpts=--add-opens=java.base/java.util=ALL-UNNAMED,--add-opens=java.base/java.lang=ALL-UNNAMED,--add-opens=java.base/java.lang.invoke=ALL-UNNAMED,--add-opens=java.prefs/java.util.prefs=ALL-UNNAMED,--add-opens=java.base/java.nio.charset=ALL-UNNAMED,--add-opens=java.base/java.net=ALL-UNNAMED,--add-opens=java.base/java.util.concurrent.atomic=ALL-UNNAMED,-Xmx2048m,-Dfile.encoding=UTF-8,-Duser.country=CN,-Duser.language=zh,-Duser.variant]
2024-10-01T00:46:49.563+0800 [DEBUG] [org.gradle.internal.remote.internal.inet.InetAddresses] Adding IP addresses for network interface Software Loopback Interface 1
2024-10-01T00:46:49.565+0800 [DEBUG] [org.gradle.internal.remote.internal.inet.InetAddresses] Is this a loopback interface? true
2024-10-01T00:46:49.566+0800 [DEBUG] [org.gradle.internal.remote.internal.inet.InetAddresses] Adding loopback address /127.0.0.1
2024-10-01T00:46:49.566+0800 [DEBUG] [org.gradle.internal.remote.internal.inet.InetAddresses] Adding loopback address /0:0:0:0:0:0:0:1
2024-10-01T00:46:49.568+0800 [DEBUG] [org.gradle.internal.remote.internal.inet.InetAddresses] Adding IP addresses for network interface Microsoft 6to4 Adapter
2024-10-01T00:46:49.571+0800 [DEBUG] [org.gradle.internal.remote.internal.inet.InetAddresses] Is this a loopback interface? false
2024-10-01T00:46:49.571+0800 [DEBUG] [org.gradle.internal.remote.internal.inet.InetAddresses] Adding IP addresses for network interface WAN Miniport (IPv6)
2024-10-01T00:46:49.573+0800 [DEBUG] [org.gradle.internal.remote.internal.inet.InetAddresses] Is this a loopback interface? false
2024-10-01T00:46:49.574+0800 [DEBUG] [org.gradle.internal.remote.internal.inet.InetAddresses] Adding IP addresses for network interface WAN Miniport (L2TP)
2024-10-01T00:46:49.575+0800 [DEBUG] [org.gradle.internal.remote.internal.inet.InetAddresses] Is this a loopback interface? false
2024-10-01T00:46:49.576+0800 [DEBUG] [org.gradle.internal.remote.internal.inet.InetAddresses] Adding IP addresses for network interface Microsoft IP-HTTPS Platform Adapter
2024-10-01T00:46:49.577+0800 [DEBUG] [org.gradle.internal.remote.internal.inet.InetAddresses] Is this a loopback interface? false
2024-10-01T00:46:49.578+0800 [DEBUG] [org.gradle.internal.remote.internal.inet.InetAddresses] Adding IP addresses for network interface WAN Miniport (PPPOE)
2024-10-01T00:46:49.579+0800 [DEBUG] [org.gradle.internal.remote.internal.inet.InetAddresses] Is this a loopback interface? false
2024-10-01T00:46:49.580+0800 [DEBUG] [org.gradle.internal.remote.internal.inet.InetAddresses] Adding IP addresses for network interface WAN Miniport (PPTP)
2024-10-01T00:46:49.581+0800 [DEBUG] [org.gradle.internal.remote.internal.inet.InetAddresses] Is this a loopback interface? false
2024-10-01T00:46:49.581+0800 [DEBUG] [org.gradle.internal.remote.internal.inet.InetAddresses] Adding IP addresses for network interface WAN Miniport (SSTP)
2024-10-01T00:46:49.584+0800 [DEBUG] [org.gradle.internal.remote.internal.inet.InetAddresses] Is this a loopback interface? false
2024-10-01T00:46:49.585+0800 [DEBUG] [org.gradle.internal.remote.internal.inet.InetAddresses] Adding IP addresses for network interface Realtek USB GbE Family Controller
2024-10-01T00:46:49.588+0800 [DEBUG] [org.gradle.internal.remote.internal.inet.InetAddresses] Is this a loopback interface? false
2024-10-01T00:46:49.588+0800 [DEBUG] [org.gradle.internal.remote.internal.inet.InetAddresses] Adding IP addresses for network interface Microsoft Teredo Tunneling Adapter
2024-10-01T00:46:49.590+0800 [DEBUG] [org.gradle.internal.remote.internal.inet.InetAddresses] Is this a loopback interface? false
2024-10-01T00:46:49.591+0800 [DEBUG] [org.gradle.internal.remote.internal.inet.InetAddresses] Adding IP addresses for network interface Microsoft Wi-Fi Direct Virtual Adapter
2024-10-01T00:46:49.593+0800 [DEBUG] [org.gradle.internal.remote.internal.inet.InetAddresses] Is this a loopback interface? false
2024-10-01T00:46:49.594+0800 [DEBUG] [org.gradle.internal.remote.internal.inet.InetAddresses] Adding remote address /fe80:0:0:0:74b8:d354:8b2b:162f%wlan0
2024-10-01T00:46:49.594+0800 [DEBUG] [org.gradle.internal.remote.internal.inet.InetAddresses] Adding IP addresses for network interface Microsoft Wi-Fi Direct Virtual Adapter #2
2024-10-01T00:46:49.596+0800 [DEBUG] [org.gradle.internal.remote.internal.inet.InetAddresses] Is this a loopback interface? false
2024-10-01T00:46:49.596+0800 [DEBUG] [org.gradle.internal.remote.internal.inet.InetAddresses] Adding remote address /fe80:0:0:0:14af:fd63:3486:425e%wlan1
2024-10-01T00:46:49.597+0800 [DEBUG] [org.gradle.internal.remote.internal.inet.InetAddresses] Adding IP addresses for network interface Microsoft Kernel Debug Network Adapter
2024-10-01T00:46:49.599+0800 [DEBUG] [org.gradle.internal.remote.internal.inet.InetAddresses] Is this a loopback interface? false
2024-10-01T00:46:49.599+0800 [DEBUG] [org.gradle.internal.remote.internal.inet.InetAddresses] Adding IP addresses for network interface WAN Miniport (IP)
2024-10-01T00:46:49.602+0800 [DEBUG] [org.gradle.internal.remote.internal.inet.InetAddresses] Is this a loopback interface? false
2024-10-01T00:46:49.603+0800 [DEBUG] [org.gradle.internal.remote.internal.inet.InetAddresses] Adding IP addresses for network interface WAN Miniport (IKEv2)
2024-10-01T00:46:49.604+0800 [DEBUG] [org.gradle.internal.remote.internal.inet.InetAddresses] Is this a loopback interface? false
2024-10-01T00:46:49.605+0800 [DEBUG] [org.gradle.internal.remote.internal.inet.InetAddresses] Adding IP addresses for network interface WAN Miniport (Network Monitor)
2024-10-01T00:46:49.607+0800 [DEBUG] [org.gradle.internal.remote.internal.inet.InetAddresses] Is this a loopback interface? false
2024-10-01T00:46:49.608+0800 [DEBUG] [org.gradle.internal.remote.internal.inet.InetAddresses] Adding IP addresses for network interface Remote NDIS Compatible Device
2024-10-01T00:46:49.610+0800 [DEBUG] [org.gradle.internal.remote.internal.inet.InetAddresses] Is this a loopback interface? false
2024-10-01T00:46:49.610+0800 [DEBUG] [org.gradle.internal.remote.internal.inet.InetAddresses] Adding IP addresses for network interface Bluetooth Device (Personal Area Network)
2024-10-01T00:46:49.613+0800 [DEBUG] [org.gradle.internal.remote.internal.inet.InetAddresses] Is this a loopback interface? false
2024-10-01T00:46:49.613+0800 [DEBUG] [org.gradle.internal.remote.internal.inet.InetAddresses] Adding remote address /fe80:0:0:0:bdfa:aa7c:a8e0:5608%eth6
2024-10-01T00:46:49.613+0800 [DEBUG] [org.gradle.internal.remote.internal.inet.InetAddresses] Adding IP addresses for network interface Intel(R) Wireless-AC 9560 160MHz
2024-10-01T00:46:49.615+0800 [DEBUG] [org.gradle.internal.remote.internal.inet.InetAddresses] Is this a loopback interface? false
2024-10-01T00:46:49.615+0800 [DEBUG] [org.gradle.internal.remote.internal.inet.InetAddresses] Adding remote address /192.168.0.106
2024-10-01T00:46:49.615+0800 [DEBUG] [org.gradle.internal.remote.internal.inet.InetAddresses] Adding remote address /fe80:0:0:0:a8bd:6772:70d9:aaaa%wlan2
2024-10-01T00:46:49.616+0800 [DEBUG] [org.gradle.internal.remote.internal.inet.InetAddresses] Adding IP addresses for network interface Intel(R) Wireless-AC 9560 160MHz-WFP Native MAC Layer LightWeight Filter-0000
2024-10-01T00:46:49.618+0800 [DEBUG] [org.gradle.internal.remote.internal.inet.InetAddresses] Is this a loopback interface? false
2024-10-01T00:46:49.619+0800 [DEBUG] [org.gradle.internal.remote.internal.inet.InetAddresses] Adding IP addresses for network interface Intel(R) Wireless-AC 9560 160MHz-Virtual WiFi Filter Driver-0000
2024-10-01T00:46:49.620+0800 [DEBUG] [org.gradle.internal.remote.internal.inet.InetAddresses] Is this a loopback interface? false
2024-10-01T00:46:49.621+0800 [DEBUG] [org.gradle.internal.remote.internal.inet.InetAddresses] Adding IP addresses for network interface Intel(R) Wireless-AC 9560 160MHz-Native WiFi Filter Driver-0000
2024-10-01T00:46:49.623+0800 [DEBUG] [org.gradle.internal.remote.internal.inet.InetAddresses] Is this a loopback interface? false
2024-10-01T00:46:49.623+0800 [DEBUG] [org.gradle.internal.remote.internal.inet.InetAddresses] Adding IP addresses for network interface Intel(R) Wireless-AC 9560 160MHz-QoS Packet Scheduler-0000
2024-10-01T00:46:49.625+0800 [DEBUG] [org.gradle.internal.remote.internal.inet.InetAddresses] Is this a loopback interface? false
2024-10-01T00:46:49.625+0800 [DEBUG] [org.gradle.internal.remote.internal.inet.InetAddresses] Adding IP addresses for network interface Intel(R) Wireless-AC 9560 160MHz-WFP 802.3 MAC Layer LightWeight Filter-0000
2024-10-01T00:46:49.626+0800 [DEBUG] [org.gradle.internal.remote.internal.inet.InetAddresses] Is this a loopback interface? false
2024-10-01T00:46:49.626+0800 [DEBUG] [org.gradle.internal.remote.internal.inet.InetAddresses] Adding IP addresses for network interface Microsoft Wi-Fi Direct Virtual Adapter-WFP Native MAC Layer LightWeight Filter-0000
2024-10-01T00:46:49.628+0800 [DEBUG] [org.gradle.internal.remote.internal.inet.InetAddresses] Is this a loopback interface? false
2024-10-01T00:46:49.628+0800 [DEBUG] [org.gradle.internal.remote.internal.inet.InetAddresses] Adding IP addresses for network interface Microsoft Wi-Fi Direct Virtual Adapter-Native WiFi Filter Driver-0000
2024-10-01T00:46:49.629+0800 [DEBUG] [org.gradle.internal.remote.internal.inet.InetAddresses] Is this a loopback interface? false
2024-10-01T00:46:49.629+0800 [DEBUG] [org.gradle.internal.remote.internal.inet.InetAddresses] Adding IP addresses for network interface WAN Miniport (IP)-WFP Native MAC Layer LightWeight Filter-0000
2024-10-01T00:46:49.631+0800 [DEBUG] [org.gradle.internal.remote.internal.inet.InetAddresses] Is this a loopback interface? false
2024-10-01T00:46:49.631+0800 [DEBUG] [org.gradle.internal.remote.internal.inet.InetAddresses] Adding IP addresses for network interface WAN Miniport (IP)-QoS Packet Scheduler-0000
2024-10-01T00:46:49.633+0800 [DEBUG] [org.gradle.internal.remote.internal.inet.InetAddresses] Is this a loopback interface? false
2024-10-01T00:46:49.633+0800 [DEBUG] [org.gradle.internal.remote.internal.inet.InetAddresses] Adding IP addresses for network interface WAN Miniport (IPv6)-WFP Native MAC Layer LightWeight Filter-0000
2024-10-01T00:46:49.635+0800 [DEBUG] [org.gradle.internal.remote.internal.inet.InetAddresses] Is this a loopback interface? false
2024-10-01T00:46:49.635+0800 [DEBUG] [org.gradle.internal.remote.internal.inet.InetAddresses] Adding IP addresses for network interface WAN Miniport (IPv6)-QoS Packet Scheduler-0000
2024-10-01T00:46:49.637+0800 [DEBUG] [org.gradle.internal.remote.internal.inet.InetAddresses] Is this a loopback interface? false
2024-10-01T00:46:49.637+0800 [DEBUG] [org.gradle.internal.remote.internal.inet.InetAddresses] Adding IP addresses for network interface WAN Miniport (Network Monitor)-WFP Native MAC Layer LightWeight Filter-0000
2024-10-01T00:46:49.639+0800 [DEBUG] [org.gradle.internal.remote.internal.inet.InetAddresses] Is this a loopback interface? false
2024-10-01T00:46:49.639+0800 [DEBUG] [org.gradle.internal.remote.internal.inet.InetAddresses] Adding IP addresses for network interface WAN Miniport (Network Monitor)-QoS Packet Scheduler-0000
2024-10-01T00:46:49.641+0800 [DEBUG] [org.gradle.internal.remote.internal.inet.InetAddresses] Is this a loopback interface? false
2024-10-01T00:46:49.641+0800 [DEBUG] [org.gradle.internal.remote.internal.inet.InetAddresses] Adding IP addresses for network interface Microsoft Wi-Fi Direct Virtual Adapter-QoS Packet Scheduler-0000
2024-10-01T00:46:49.642+0800 [DEBUG] [org.gradle.internal.remote.internal.inet.InetAddresses] Is this a loopback interface? false
2024-10-01T00:46:49.643+0800 [DEBUG] [org.gradle.internal.remote.internal.inet.InetAddresses] Adding IP addresses for network interface Microsoft Wi-Fi Direct Virtual Adapter-WFP 802.3 MAC Layer LightWeight Filter-0000
2024-10-01T00:46:49.644+0800 [DEBUG] [org.gradle.internal.remote.internal.inet.InetAddresses] Is this a loopback interface? false
2024-10-01T00:46:49.644+0800 [DEBUG] [org.gradle.internal.remote.internal.inet.InetAddresses] Adding IP addresses for network interface Microsoft Wi-Fi Direct Virtual Adapter #2-WFP Native MAC Layer LightWeight Filter-0000
2024-10-01T00:46:49.646+0800 [DEBUG] [org.gradle.internal.remote.internal.inet.InetAddresses] Is this a loopback interface? false
2024-10-01T00:46:49.646+0800 [DEBUG] [org.gradle.internal.remote.internal.inet.InetAddresses] Adding IP addresses for network interface Microsoft Wi-Fi Direct Virtual Adapter #2-Native WiFi Filter Driver-0000
2024-10-01T00:46:49.647+0800 [DEBUG] [org.gradle.internal.remote.internal.inet.InetAddresses] Is this a loopback interface? false
2024-10-01T00:46:49.647+0800 [DEBUG] [org.gradle.internal.remote.internal.inet.InetAddresses] Adding IP addresses for network interface Microsoft Wi-Fi Direct Virtual Adapter #2-QoS Packet Scheduler-0000
2024-10-01T00:46:49.649+0800 [DEBUG] [org.gradle.internal.remote.internal.inet.InetAddresses] Is this a loopback interface? false
2024-10-01T00:46:49.649+0800 [DEBUG] [org.gradle.internal.remote.internal.inet.InetAddresses] Adding IP addresses for network interface Microsoft Wi-Fi Direct Virtual Adapter #2-WFP 802.3 MAC Layer LightWeight Filter-0000
2024-10-01T00:46:49.651+0800 [DEBUG] [org.gradle.internal.remote.internal.inet.InetAddresses] Is this a loopback interface? false
2024-10-01T00:46:49.656+0800 [DEBUG] [org.gradle.internal.remote.internal.inet.TcpIncomingConnector] Listening on [5d990f7d-a435-40de-b707-a940734d7e78 port:64146, addresses:[localhost/127.0.0.1]].
2024-10-01T00:46:49.674+0800 [DEBUG] [org.gradle.launcher.daemon.server.Daemon] Daemon starting at: Tue Oct 01 00:46:49 CST 2024, with address: [5d990f7d-a435-40de-b707-a940734d7e78 port:64146, addresses:[localhost/127.0.0.1]]
2024-10-01T00:46:49.674+0800 [INFO] [org.gradle.launcher.daemon.server.DaemonRegistryUpdater] Advertising the daemon address to the clients: [5d990f7d-a435-40de-b707-a940734d7e78 port:64146, addresses:[localhost/127.0.0.1]]
2024-10-01T00:46:49.674+0800 [DEBUG] [org.gradle.launcher.daemon.server.DaemonRegistryUpdater] Advertised daemon context: DefaultDaemonContext[uid=dfed4e9b-7f5b-4189-96a7-66b5ee41394d,javaHome=D:\AndroidStudio\AndroidDevTool\jbr,daemonRegistryDir=C:\Users\kenny\Desktop\info-dance\client\info-dance-android\gradle\daemon,pid=17068,idleTimeout=10800000,priority=NORMAL,applyInstrumentationAgent=true,daemonOpts=--add-opens=java.base/java.util=ALL-UNNAMED,--add-opens=java.base/java.lang=ALL-UNNAMED,--add-opens=java.base/java.lang.invoke=ALL-UNNAMED,--add-opens=java.prefs/java.util.prefs=ALL-UNNAMED,--add-opens=java.base/java.nio.charset=ALL-UNNAMED,--add-opens=java.base/java.net=ALL-UNNAMED,--add-opens=java.base/java.util.concurrent.atomic=ALL-UNNAMED,-Xmx2048m,-Dfile.encoding=UTF-8,-Duser.country=CN,-Duser.language=zh,-Duser.variant]
2024-10-01T00:46:49.675+0800 [DEBUG] [org.gradle.launcher.daemon.registry.PersistentDaemonRegistry] Storing daemon address: [5d990f7d-a435-40de-b707-a940734d7e78 port:64146, addresses:[localhost/127.0.0.1]], context: DefaultDaemonContext[uid=dfed4e9b-7f5b-4189-96a7-66b5ee41394d,javaHome=D:\AndroidStudio\AndroidDevTool\jbr,daemonRegistryDir=C:\Users\kenny\Desktop\info-dance\client\info-dance-android\gradle\daemon,pid=17068,idleTimeout=10800000,priority=NORMAL,applyInstrumentationAgent=true,daemonOpts=--add-opens=java.base/java.util=ALL-UNNAMED,--add-opens=java.base/java.lang=ALL-UNNAMED,--add-opens=java.base/java.lang.invoke=ALL-UNNAMED,--add-opens=java.prefs/java.util.prefs=ALL-UNNAMED,--add-opens=java.base/java.nio.charset=ALL-UNNAMED,--add-opens=java.base/java.net=ALL-UNNAMED,--add-opens=java.base/java.util.concurrent.atomic=ALL-UNNAMED,-Xmx2048m,-Dfile.encoding=UTF-8,-Duser.country=CN,-Duser.language=zh,-Duser.variant]
2024-10-01T00:46:49.688+0800 [DEBUG] [org.gradle.cache.internal.DefaultFileLockManager] Waiting to acquire exclusive lock on daemon addresses registry.
2024-10-01T00:46:49.693+0800 [DEBUG] [org.gradle.cache.internal.DefaultFileLockManager] Lock acquired on daemon addresses registry.
2024-10-01T00:46:49.697+0800 [DEBUG] [org.gradle.cache.internal.DefaultFileLockManager] Releasing lock on daemon addresses registry.
2024-10-01T00:46:49.698+0800 [LIFECYCLE] [org.gradle.launcher.daemon.server.Daemon] Daemon server started.
2024-10-01T00:46:49.699+0800 [DEBUG] [org.gradle.launcher.daemon.bootstrap.DaemonStartupCommunication] Completed writing the daemon greeting. Closing streams...
2024-10-01T00:46:49.706+0800 [DEBUG] [org.gradle.launcher.daemon.server.Daemon] stopOnExpiration() called on daemon
2024-10-01T00:46:49.707+0800 [DEBUG] [org.gradle.launcher.daemon.server.Daemon] awaitExpiration() called on daemon
2024-10-01T00:46:49.707+0800 [DEBUG] [org.gradle.launcher.daemon.server.DaemonStateCoordinator] daemon is running. Sleeping until state changes.
2024-10-01T00:46:49.711+0800 [DEBUG] [org.gradle.internal.remote.internal.inet.TcpIncomingConnector] Accepted connection from /127.0.0.1:64147 to /127.0.0.1:64146.
2024-10-01T00:46:49.811+0800 [DEBUG] [org.gradle.launcher.daemon.server.SynchronizedDispatchConnection] thread 22: received class org.gradle.launcher.daemon.protocol.Build
2024-10-01T00:46:49.811+0800 [DEBUG] [org.gradle.launcher.daemon.server.DefaultDaemonConnection] thread 22: Received non-IO message from client: Build{id=0e978593-2da2-4ff6-96ce-f3bbb63c294c, currentDir=C:\Users\kenny\Desktop\info-dance-android}
2024-10-01T00:46:49.812+0800 [INFO] [org.gradle.launcher.daemon.server.DefaultIncomingConnectionHandler] Received command: Build{id=0e978593-2da2-4ff6-96ce-f3bbb63c294c, currentDir=C:\Users\kenny\Desktop\info-dance-android}.
2024-10-01T00:46:49.812+0800 [DEBUG] [org.gradle.launcher.daemon.server.DefaultIncomingConnectionHandler] Starting executing command: Build{id=0e978593-2da2-4ff6-96ce-f3bbb63c294c, currentDir=C:\Users\kenny\Desktop\info-dance-android} with connection: socket connection from /127.0.0.1:64146 to /127.0.0.1:64147.
2024-10-01T00:46:49.814+0800 [DEBUG] [org.gradle.launcher.daemon.server.DaemonStateCoordinator] Command execution: started DaemonCommandExecution[command = Build{id=0e978593-2da2-4ff6-96ce-f3bbb63c294c, currentDir=C:\Users\kenny\Desktop\info-dance-android}, connection = DefaultDaemonConnection: socket connection from /127.0.0.1:64146 to /127.0.0.1:64147] after 0.0 minutes of idle
2024-10-01T00:46:49.814+0800 [INFO] [org.gradle.launcher.daemon.server.DaemonRegistryUpdater] Marking the daemon as busy, address: [5d990f7d-a435-40de-b707-a940734d7e78 port:64146, addresses:[localhost/127.0.0.1]]
2024-10-01T00:46:49.814+0800 [DEBUG] [org.gradle.launcher.daemon.registry.PersistentDaemonRegistry] Marking busy by address: [5d990f7d-a435-40de-b707-a940734d7e78 port:64146, addresses:[localhost/127.0.0.1]]
2024-10-01T00:46:49.815+0800 [DEBUG] [org.gradle.cache.internal.DefaultFileLockManager] Waiting to acquire exclusive lock on daemon addresses registry.
2024-10-01T00:46:49.816+0800 [DEBUG] [org.gradle.cache.internal.DefaultFileLockManager] Lock acquired on daemon addresses registry.
2024-10-01T00:46:49.818+0800 [DEBUG] [org.gradle.cache.internal.DefaultFileLockManager] Releasing lock on daemon addresses registry.
2024-10-01T00:46:49.819+0800 [DEBUG] [org.gradle.launcher.daemon.server.DaemonStateCoordinator] resetting idle timer
2024-10-01T00:46:49.819+0800 [DEBUG] [org.gradle.launcher.daemon.server.DaemonStateCoordinator] daemon is running. Sleeping until state changes.
2024-10-01T00:46:49.820+0800 [INFO] [org.gradle.launcher.daemon.server.exec.StartBuildOrRespondWithBusy] Daemon is about to start building Build{id=0e978593-2da2-4ff6-96ce-f3bbb63c294c, currentDir=C:\Users\kenny\Desktop\info-dance-android}. Dispatching build started information...
2024-10-01T00:46:49.820+0800 [DEBUG] [org.gradle.launcher.daemon.server.SynchronizedDispatchConnection] thread 24: dispatching org.gradle.launcher.daemon.protocol.BuildStarted@9896382
2024-10-01T00:46:49.822+0800 [DEBUG] [org.gradle.launcher.daemon.server.exec.EstablishBuildEnvironment] Configuring env variables: [USERDOMAIN_ROAMINGPROFILE, PROCESSOR_LEVEL, NVM_SYMLINK, SESSIONNAME, ALLUSERSPROFILE, PROCESSOR_ARCHITECTURE, DevEco Studio, GATEWAY_VM_OPTIONS, PUB_HOSTED_URL, ANDROID_HOME, PSModulePath, SystemDrive, RIDER_VM_OPTIONS, USERNAME, DEVECOSTUDIO_VM_OPTIONS, STUDIO_VM_OPTIONS, ProgramFiles(x86), FPS_BROWSER_USER_PROFILE_STRING, PATHEXT, DART_SDK, APPCODE_VM_OPTIONS, DriverData, OneDriveConsumer, ProgramData, DATASPELL_VM_OPTIONS, ProgramW6432, HOMEPATH, PROCESSOR_IDENTIFIER, ProgramFiles, PUBLIC, windir, FLUTTER_STORAGE_BASE_URL, =::, ZES_ENABLE_SYSMAN, LOCALAPPDATA, IntelliJ IDEA, USERDOMAIN, WORKON_HOME, WEBSTORM_VM_OPTIONS, LOGONSERVER, PYCHARM_VM_OPTIONS, FPS_BROWSER_APP_PROFILE_STRING, JAVA_HOME, CLION_VM_OPTIONS, JETBRAINSCLIENT_VM_OPTIONS, GOLAND_VM_OPTIONS, OneDrive, APPDATA, IDEA_VM_OPTIONS, RUBYMINE_VM_OPTIONS, JETBRAINS_CLIENT_VM_OPTIONS, NODE_PATH, CommonProgramFiles, Path, PyCharm, OS, COMPUTERNAME, NVM_HOME, PROCESSOR_REVISION, CommonProgramW6432, ComSpec, TEMP, SystemRoot, WEBIDE_VM_OPTIONS, HOMEDRIVE, USERPROFILE, TMP, CommonProgramFiles(x86), NUMBER_OF_PROCESSORS, PHPSTORM_VM_OPTIONS, IDEA_INITIAL_DIRECTORY]
2024-10-01T00:46:49.824+0800 [DEBUG] [org.gradle.launcher.daemon.server.SynchronizedDispatchConnection] thread 22: received class org.gradle.launcher.daemon.protocol.CloseInput
2024-10-01T00:46:49.824+0800 [DEBUG] [org.gradle.launcher.daemon.server.DefaultDaemonConnection] thread 22: Received IO message from client: org.gradle.launcher.daemon.protocol.CloseInput@43783da8
2024-10-01T00:46:49.827+0800 [DEBUG] [org.gradle.launcher.daemon.server.exec.LogToClient] About to start relaying all logs to the client via the connection.
2024-10-01T00:46:49.827+0800 [INFO] [org.gradle.launcher.daemon.server.exec.LogToClient] The client will now receive all logging from the daemon (pid: 17068). The daemon log file: C:\Users\kenny\Desktop\info-dance\client\info-dance-android\gradle\daemon\8.4\daemon-17068.out.log
2024-10-01T00:46:49.829+0800 [INFO] [org.gradle.launcher.daemon.server.exec.LogAndCheckHealth] Starting build in new daemon [memory: 2 GiB]
2024-10-01T00:46:49.830+0800 [INFO] [org.gradle.launcher.daemon.server.exec.ForwardClientInput] Closing daemon's stdin at end of input.
2024-10-01T00:46:49.830+0800 [INFO] [org.gradle.launcher.daemon.server.exec.ForwardClientInput] The daemon will no longer process any standard input.
2024-10-01T00:46:49.831+0800 [DEBUG] [org.gradle.launcher.daemon.server.exec.ExecuteBuild] The daemon has started executing the build.
2024-10-01T00:46:49.832+0800 [DEBUG] [org.gradle.launcher.daemon.server.exec.ExecuteBuild] Executing build with daemon context: DefaultDaemonContext[uid=dfed4e9b-7f5b-4189-96a7-66b5ee41394d,javaHome=D:\AndroidStudio\AndroidDevTool\jbr,daemonRegistryDir=C:\Users\kenny\Desktop\info-dance\client\info-dance-android\gradle\daemon,pid=17068,idleTimeout=10800000,priority=NORMAL,applyInstrumentationAgent=true,daemonOpts=--add-opens=java.base/java.util=ALL-UNNAMED,--add-opens=java.base/java.lang=ALL-UNNAMED,--add-opens=java.base/java.lang.invoke=ALL-UNNAMED,--add-opens=java.prefs/java.util.prefs=ALL-UNNAMED,--add-opens=java.base/java.nio.charset=ALL-UNNAMED,--add-opens=java.base/java.net=ALL-UNNAMED,--add-opens=java.base/java.util.concurrent.atomic=ALL-UNNAMED,-Xmx2048m,-Dfile.encoding=UTF-8,-Duser.country=CN,-Duser.language=zh,-Duser.variant]

BUILD SUCCESSFUL in 20s
2024-10-01T00:47:04.432+0800 [DEBUG] [org.gradle.launcher.daemon.server.exec.ExecuteBuild] The daemon has finished executing the build.
2024-10-01T00:47:04.456+0800 [DEBUG] [org.gradle.launcher.daemon.server.DaemonStateCoordinator] daemon is running. Sleeping until state changes.
2024-10-01T00:47:04.456+0800 [DEBUG] [org.gradle.launcher.daemon.server.DaemonStateCoordinator] Command execution: finished waiting for DaemonCommandExecution[command = Build{id=0e978593-2da2-4ff6-96ce-f3bbb63c294c, currentDir=C:\Users\kenny\Desktop\info-dance-android}, connection = DefaultDaemonConnection: socket connection from /127.0.0.1:64146 to /127.0.0.1:64147]. Result org.gradle.launcher.daemon.server.DaemonStateCoordinator@33902fa with state Busy
2024-10-01T00:47:04.456+0800 [DEBUG] [org.gradle.launcher.daemon.server.DaemonStateCoordinator] Command execution: completed DaemonCommandExecution[command = Build{id=0e978593-2da2-4ff6-96ce-f3bbb63c294c, currentDir=C:\Users\kenny\Desktop\info-dance-android}, connection = DefaultDaemonConnection: socket connection from /127.0.0.1:64146 to /127.0.0.1:64147]
2024-10-01T00:47:04.457+0800 [DEBUG] [org.gradle.launcher.daemon.server.DaemonStateCoordinator] resetting idle timer
2024-10-01T00:47:04.457+0800 [INFO] [org.gradle.launcher.daemon.server.DaemonRegistryUpdater] Marking the daemon as idle, address: [5d990f7d-a435-40de-b707-a940734d7e78 port:64146, addresses:[localhost/127.0.0.1]]
2024-10-01T00:47:04.457+0800 [DEBUG] [org.gradle.launcher.daemon.registry.PersistentDaemonRegistry] Marking busy by address: [5d990f7d-a435-40de-b707-a940734d7e78 port:64146, addresses:[localhost/127.0.0.1]]
2024-10-01T00:47:04.458+0800 [DEBUG] [org.gradle.cache.internal.DefaultFileLockManager] Waiting to acquire exclusive lock on daemon addresses registry.
2024-10-01T00:47:04.459+0800 [DEBUG] [org.gradle.cache.internal.DefaultFileLockManager] Lock acquired on daemon addresses registry.
2024-10-01T00:47:04.461+0800 [DEBUG] [org.gradle.cache.internal.DefaultFileLockManager] Releasing lock on daemon addresses registry.
2024-10-01T00:47:04.461+0800 [DEBUG] [org.gradle.launcher.daemon.server.DaemonStateCoordinator] daemon is running. Sleeping until state changes.
2024-10-01T00:47:04.461+0800 [DEBUG] [org.gradle.launcher.daemon.server.exec.ReturnResult] Daemon is dispatching the build result: Success[value=org.gradle.launcher.exec.BuildActionResult@33e6f2b1]
2024-10-01T00:47:04.462+0800 [DEBUG] [org.gradle.launcher.daemon.server.SynchronizedDispatchConnection] thread 21: dispatching Success[value=org.gradle.launcher.exec.BuildActionResult@33e6f2b1]
2024-10-01T00:47:04.462+0800 [DEBUG] [org.gradle.launcher.daemon.server.DefaultIncomingConnectionHandler] Finishing executing command: Build{id=0e978593-2da2-4ff6-96ce-f3bbb63c294c, currentDir=C:\Users\kenny\Desktop\info-dance-android}
2024-10-01T00:47:04.576+0800 [DEBUG] [org.gradle.launcher.daemon.server.SynchronizedDispatchConnection] thread 22: received class org.gradle.launcher.daemon.protocol.Finished
2024-10-01T00:47:04.576+0800 [DEBUG] [org.gradle.launcher.daemon.server.DefaultDaemonConnection] thread 22: Received non-IO message from client: org.gradle.launcher.daemon.protocol.Finished@12a292e1
2024-10-01T00:47:04.576+0800 [DEBUG] [org.gradle.launcher.daemon.server.DefaultIncomingConnectionHandler] Received finished message: org.gradle.launcher.daemon.protocol.Finished@12a292e1
2024-10-01T00:47:04.576+0800 [DEBUG] [org.gradle.launcher.daemon.server.SynchronizedDispatchConnection] thread 21: stopping connection
2024-10-01T00:47:04.577+0800 [DEBUG] [org.gradle.internal.remote.internal.inet.SocketConnection] Discarding EOFException: java.io.EOFException
2024-10-01T00:47:04.577+0800 [DEBUG] [org.gradle.launcher.daemon.server.SynchronizedDispatchConnection] thread 22: received null
2024-10-01T00:47:04.577+0800 [DEBUG] [org.gradle.launcher.daemon.server.DefaultDaemonConnection] thread 22: Received end-of-input from client.
2024-10-01T00:47:04.577+0800 [DEBUG] [org.gradle.launcher.daemon.server.SynchronizedDispatchConnection] thread 21: stopping connection
2024-10-01T00:47:09.710+0800 [DEBUG] [org.gradle.cache.internal.DefaultFileLockManager] Waiting to acquire shared lock on daemon addresses registry.
2024-10-01T00:47:09.710+0800 [DEBUG] [org.gradle.cache.internal.DefaultFileLockManager] Lock acquired on daemon addresses registry.
2024-10-01T00:47:09.710+0800 [DEBUG] [org.gradle.cache.internal.DefaultFileLockManager] Releasing lock on daemon addresses registry.
2024-10-01T00:47:09.711+0800 [DEBUG] [org.gradle.cache.internal.DefaultFileLockManager] Waiting to acquire shared lock on daemon addresses registry.
2024-10-01T00:47:09.712+0800 [DEBUG] [org.gradle.cache.internal.DefaultFileLockManager] Lock acquired on daemon addresses registry.
2024-10-01T00:47:09.712+0800 [DEBUG] [org.gradle.cache.internal.DefaultFileLockManager] Releasing lock on daemon addresses registry.
2024-10-01T00:47:11.526+0800 [DEBUG] [org.gradle.internal.remote.internal.inet.TcpIncomingConnector] Accepted connection from /127.0.0.1:64163 to /127.0.0.1:64146.
2024-10-01T00:47:11.538+0800 [DEBUG] [org.gradle.launcher.daemon.server.SynchronizedDispatchConnection] thread 136: received class org.gradle.launcher.daemon.protocol.Build
2024-10-01T00:47:11.538+0800 [DEBUG] [org.gradle.launcher.daemon.server.DefaultDaemonConnection] thread 136: Received non-IO message from client: Build{id=2b938873-0061-4a4a-a8af-fd2ec8286e4c, currentDir=C:\Users\kenny\Desktop\info-dance-android}
2024-10-01T00:47:11.538+0800 [INFO] [org.gradle.launcher.daemon.server.DefaultIncomingConnectionHandler] Received command: Build{id=2b938873-0061-4a4a-a8af-fd2ec8286e4c, currentDir=C:\Users\kenny\Desktop\info-dance-android}.
2024-10-01T00:47:11.538+0800 [DEBUG] [org.gradle.launcher.daemon.server.DefaultIncomingConnectionHandler] Starting executing command: Build{id=2b938873-0061-4a4a-a8af-fd2ec8286e4c, currentDir=C:\Users\kenny\Desktop\info-dance-android} with connection: socket connection from /127.0.0.1:64146 to /127.0.0.1:64163.
2024-10-01T00:47:11.539+0800 [DEBUG] [org.gradle.launcher.daemon.server.DaemonStateCoordinator] Command execution: started DaemonCommandExecution[command = Build{id=2b938873-0061-4a4a-a8af-fd2ec8286e4c, currentDir=C:\Users\kenny\Desktop\info-dance-android}, connection = DefaultDaemonConnection: socket connection from /127.0.0.1:64146 to /127.0.0.1:64163] after 0.0 minutes of idle
2024-10-01T00:47:11.539+0800 [INFO] [org.gradle.launcher.daemon.server.DaemonRegistryUpdater] Marking the daemon as busy, address: [5d990f7d-a435-40de-b707-a940734d7e78 port:64146, addresses:[localhost/127.0.0.1]]
2024-10-01T00:47:11.539+0800 [DEBUG] [org.gradle.launcher.daemon.registry.PersistentDaemonRegistry] Marking busy by address: [5d990f7d-a435-40de-b707-a940734d7e78 port:64146, addresses:[localhost/127.0.0.1]]
2024-10-01T00:47:11.541+0800 [DEBUG] [org.gradle.cache.internal.DefaultFileLockManager] Waiting to acquire exclusive lock on daemon addresses registry.
2024-10-01T00:47:11.541+0800 [DEBUG] [org.gradle.cache.internal.DefaultFileLockManager] Lock acquired on daemon addresses registry.
2024-10-01T00:47:11.544+0800 [DEBUG] [org.gradle.cache.internal.DefaultFileLockManager] Releasing lock on daemon addresses registry.
2024-10-01T00:47:11.545+0800 [DEBUG] [org.gradle.launcher.daemon.server.DaemonStateCoordinator] resetting idle timer
2024-10-01T00:47:11.546+0800 [DEBUG] [org.gradle.launcher.daemon.server.DaemonStateCoordinator] daemon is running. Sleeping until state changes.
2024-10-01T00:47:11.546+0800 [INFO] [org.gradle.launcher.daemon.server.exec.StartBuildOrRespondWithBusy] Daemon is about to start building Build{id=2b938873-0061-4a4a-a8af-fd2ec8286e4c, currentDir=C:\Users\kenny\Desktop\info-dance-android}. Dispatching build started information...
2024-10-01T00:47:11.546+0800 [DEBUG] [org.gradle.launcher.daemon.server.SynchronizedDispatchConnection] thread 24: dispatching org.gradle.launcher.daemon.protocol.BuildStarted@33b1588c
2024-10-01T00:47:11.548+0800 [DEBUG] [org.gradle.launcher.daemon.server.exec.EstablishBuildEnvironment] Configuring env variables: [USERDOMAIN_ROAMINGPROFILE, PROCESSOR_LEVEL, NVM_SYMLINK, SESSIONNAME, ALLUSERSPROFILE, PROCESSOR_ARCHITECTURE, DevEco Studio, GATEWAY_VM_OPTIONS, PUB_HOSTED_URL, ANDROID_HOME, PSModulePath, SystemDrive, RIDER_VM_OPTIONS, USERNAME, DEVECOSTUDIO_VM_OPTIONS, STUDIO_VM_OPTIONS, ProgramFiles(x86), FPS_BROWSER_USER_PROFILE_STRING, PATHEXT, DART_SDK, APPCODE_VM_OPTIONS, DriverData, OneDriveConsumer, ProgramData, DATASPELL_VM_OPTIONS, ProgramW6432, HOMEPATH, PROCESSOR_IDENTIFIER, ProgramFiles, PUBLIC, windir, FLUTTER_STORAGE_BASE_URL, =::, ZES_ENABLE_SYSMAN, LOCALAPPDATA, IntelliJ IDEA, USERDOMAIN, WORKON_HOME, WEBSTORM_VM_OPTIONS, LOGONSERVER, PYCHARM_VM_OPTIONS, FPS_BROWSER_APP_PROFILE_STRING, JAVA_HOME, CLION_VM_OPTIONS, JETBRAINSCLIENT_VM_OPTIONS, GOLAND_VM_OPTIONS, OneDrive, APPDATA, IDEA_VM_OPTIONS, RUBYMINE_VM_OPTIONS, JETBRAINS_CLIENT_VM_OPTIONS, NODE_PATH, CommonProgramFiles, Path, PyCharm, OS, COMPUTERNAME, NVM_HOME, PROCESSOR_REVISION, CommonProgramW6432, ComSpec, TEMP, SystemRoot, WEBIDE_VM_OPTIONS, HOMEDRIVE, USERPROFILE, TMP, CommonProgramFiles(x86), NUMBER_OF_PROCESSORS, PHPSTORM_VM_OPTIONS, IDEA_INITIAL_DIRECTORY]
2024-10-01T00:47:11.549+0800 [DEBUG] [org.gradle.launcher.daemon.server.SynchronizedDispatchConnection] thread 136: received class org.gradle.launcher.daemon.protocol.CloseInput
2024-10-01T00:47:11.550+0800 [DEBUG] [org.gradle.launcher.daemon.server.DefaultDaemonConnection] thread 136: Received IO message from client: org.gradle.launcher.daemon.protocol.CloseInput@57812825
2024-10-01T00:47:11.550+0800 [DEBUG] [org.gradle.launcher.daemon.server.exec.LogToClient] About to start relaying all logs to the client via the connection.
2024-10-01T00:47:11.551+0800 [INFO] [org.gradle.launcher.daemon.server.exec.LogToClient] The client will now receive all logging from the daemon (pid: 17068). The daemon log file: C:\Users\kenny\Desktop\info-dance\client\info-dance-android\gradle\daemon\8.4\daemon-17068.out.log
2024-10-01T00:47:11.553+0800 [INFO] [org.gradle.launcher.daemon.server.exec.LogAndCheckHealth] Starting 2nd build in daemon [uptime: 22.231 secs, performance: 99%, GC rate: 0.00/s, heap usage: 0% of 2 GiB]
2024-10-01T00:47:11.554+0800 [DEBUG] [org.gradle.launcher.daemon.server.exec.ExecuteBuild] The daemon has started executing the build.
2024-10-01T00:47:11.554+0800 [DEBUG] [org.gradle.launcher.daemon.server.exec.ExecuteBuild] Executing build with daemon context: DefaultDaemonContext[uid=dfed4e9b-7f5b-4189-96a7-66b5ee41394d,javaHome=D:\AndroidStudio\AndroidDevTool\jbr,daemonRegistryDir=C:\Users\kenny\Desktop\info-dance\client\info-dance-android\gradle\daemon,pid=17068,idleTimeout=10800000,priority=NORMAL,applyInstrumentationAgent=true,daemonOpts=--add-opens=java.base/java.util=ALL-UNNAMED,--add-opens=java.base/java.lang=ALL-UNNAMED,--add-opens=java.base/java.lang.invoke=ALL-UNNAMED,--add-opens=java.prefs/java.util.prefs=ALL-UNNAMED,--add-opens=java.base/java.nio.charset=ALL-UNNAMED,--add-opens=java.base/java.net=ALL-UNNAMED,--add-opens=java.base/java.util.concurrent.atomic=ALL-UNNAMED,-Xmx2048m,-Dfile.encoding=UTF-8,-Duser.country=CN,-Duser.language=zh,-Duser.variant]
注: C:\Users\kenny\Desktop\info-dance-android\app\src\main\java\com\info_dance\info_dance\QrcodeScanActivity.java使用或覆盖了已过时的 API。
注: 有关详细信息, 请使用 -Xlint:deprecation 重新编译。

BUILD SUCCESSFUL in 26s
33 actionable tasks: 33 executed
2024-10-01T00:47:37.866+0800 [DEBUG] [org.gradle.launcher.daemon.server.exec.ExecuteBuild] The daemon has finished executing the build.
2024-10-01T00:47:37.873+0800 [DEBUG] [org.gradle.launcher.daemon.server.DaemonStateCoordinator] Command execution: finished waiting for DaemonCommandExecution[command = Build{id=2b938873-0061-4a4a-a8af-fd2ec8286e4c, currentDir=C:\Users\kenny\Desktop\info-dance-android}, connection = DefaultDaemonConnection: socket connection from /127.0.0.1:64146 to /127.0.0.1:64163]. Result org.gradle.launcher.daemon.server.DaemonStateCoordinator@33902fa with state Busy
2024-10-01T00:47:37.874+0800 [DEBUG] [org.gradle.launcher.daemon.server.DaemonStateCoordinator] Command execution: completed DaemonCommandExecution[command = Build{id=2b938873-0061-4a4a-a8af-fd2ec8286e4c, currentDir=C:\Users\kenny\Desktop\info-dance-android}, connection = DefaultDaemonConnection: socket connection from /127.0.0.1:64146 to /127.0.0.1:64163]
2024-10-01T00:47:37.874+0800 [DEBUG] [org.gradle.launcher.daemon.server.DaemonStateCoordinator] resetting idle timer
2024-10-01T00:47:37.874+0800 [INFO] [org.gradle.launcher.daemon.server.DaemonRegistryUpdater] Marking the daemon as idle, address: [5d990f7d-a435-40de-b707-a940734d7e78 port:64146, addresses:[localhost/127.0.0.1]]
2024-10-01T00:47:37.874+0800 [DEBUG] [org.gradle.launcher.daemon.registry.PersistentDaemonRegistry] Marking busy by address: [5d990f7d-a435-40de-b707-a940734d7e78 port:64146, addresses:[localhost/127.0.0.1]]
2024-10-01T00:47:37.876+0800 [DEBUG] [org.gradle.cache.internal.DefaultFileLockManager] Waiting to acquire exclusive lock on daemon addresses registry.
2024-10-01T00:47:37.877+0800 [DEBUG] [org.gradle.cache.internal.DefaultFileLockManager] Lock acquired on daemon addresses registry.
2024-10-01T00:47:37.879+0800 [DEBUG] [org.gradle.cache.internal.DefaultFileLockManager] Releasing lock on daemon addresses registry.
2024-10-01T00:47:37.879+0800 [DEBUG] [org.gradle.launcher.daemon.server.exec.ReturnResult] Daemon is dispatching the build result: Success[value=org.gradle.launcher.exec.BuildActionResult@4ec433e5]
2024-10-01T00:47:37.879+0800 [DEBUG] [org.gradle.launcher.daemon.server.DaemonStateCoordinator] daemon is running. Sleeping until state changes.
2024-10-01T00:47:37.879+0800 [DEBUG] [org.gradle.launcher.daemon.server.SynchronizedDispatchConnection] thread 21: dispatching Success[value=org.gradle.launcher.exec.BuildActionResult@4ec433e5]
2024-10-01T00:47:37.880+0800 [DEBUG] [org.gradle.launcher.daemon.server.DefaultIncomingConnectionHandler] Finishing executing command: Build{id=2b938873-0061-4a4a-a8af-fd2ec8286e4c, currentDir=C:\Users\kenny\Desktop\info-dance-android}
2024-10-01T00:47:37.881+0800 [DEBUG] [org.gradle.launcher.daemon.server.SynchronizedDispatchConnection] thread 136: received class org.gradle.launcher.daemon.protocol.Finished
2024-10-01T00:47:37.881+0800 [DEBUG] [org.gradle.launcher.daemon.server.DefaultDaemonConnection] thread 136: Received non-IO message from client: org.gradle.launcher.daemon.protocol.Finished@5946cca5
2024-10-01T00:47:37.882+0800 [DEBUG] [org.gradle.internal.remote.internal.inet.SocketConnection] Discarding EOFException: java.io.EOFException
2024-10-01T00:47:37.882+0800 [DEBUG] [org.gradle.launcher.daemon.server.SynchronizedDispatchConnection] thread 136: received null
2024-10-01T00:47:37.882+0800 [DEBUG] [org.gradle.launcher.daemon.server.DefaultDaemonConnection] thread 136: Received end-of-input from client.
2024-10-01T00:47:37.887+0800 [WARN] [org.gradle.launcher.daemon.server.DefaultIncomingConnectionHandler] Timed out waiting for finished message from client socket connection from /127.0.0.1:64146 to /127.0.0.1:64163. Discarding connection.
2024-10-01T00:47:37.887+0800 [DEBUG] [org.gradle.launcher.daemon.server.SynchronizedDispatchConnection] thread 21: stopping connection
2024-10-01T00:47:37.888+0800 [DEBUG] [org.gradle.launcher.daemon.server.SynchronizedDispatchConnection] thread 21: stopping connection
2024-10-01T00:47:39.710+0800 [DEBUG] [org.gradle.cache.internal.DefaultFileLockManager] Waiting to acquire shared lock on daemon addresses registry.
2024-10-01T00:47:39.710+0800 [DEBUG] [org.gradle.cache.internal.DefaultFileLockManager] Lock acquired on daemon addresses registry.
2024-10-01T00:47:39.711+0800 [DEBUG] [org.gradle.cache.internal.DefaultFileLockManager] Releasing lock on daemon addresses registry.
2024-10-01T00:47:39.712+0800 [DEBUG] [org.gradle.cache.internal.DefaultFileLockManager] Waiting to acquire shared lock on daemon addresses registry.
2024-10-01T00:47:39.713+0800 [DEBUG] [org.gradle.cache.internal.DefaultFileLockManager] Lock acquired on daemon addresses registry.
2024-10-01T00:47:39.713+0800 [DEBUG] [org.gradle.cache.internal.DefaultFileLockManager] Releasing lock on daemon addresses registry.
2024-10-01T00:47:49.712+0800 [DEBUG] [org.gradle.cache.internal.DefaultFileLockManager] Waiting to acquire shared lock on daemon addresses registry.
2024-10-01T00:47:49.712+0800 [DEBUG] [org.gradle.cache.internal.DefaultFileLockManager] Lock acquired on daemon addresses registry.
2024-10-01T00:47:49.714+0800 [DEBUG] [org.gradle.cache.internal.DefaultFileLockManager] Releasing lock on daemon addresses registry.
2024-10-01T00:47:49.717+0800 [DEBUG] [org.gradle.cache.internal.DefaultFileLockManager] Waiting to acquire shared lock on daemon addresses registry.
2024-10-01T00:47:49.718+0800 [DEBUG] [org.gradle.cache.internal.DefaultFileLockManager] Lock acquired on daemon addresses registry.
2024-10-01T00:47:49.719+0800 [DEBUG] [org.gradle.cache.internal.DefaultFileLockManager] Releasing lock on daemon addresses registry.
2024-10-01T00:47:49.722+0800 [DEBUG] [org.gradle.cache.internal.DefaultFileLockManager] Waiting to acquire shared lock on daemon addresses registry.
2024-10-01T00:47:49.723+0800 [DEBUG] [org.gradle.cache.internal.DefaultFileLockManager] Lock acquired on daemon addresses registry.
2024-10-01T00:47:49.724+0800 [DEBUG] [org.gradle.cache.internal.DefaultFileLockManager] Releasing lock on daemon addresses registry.
2024-10-01T00:47:59.708+0800 [DEBUG] [org.gradle.cache.internal.DefaultFileLockManager] Waiting to acquire shared lock on daemon addresses registry.
2024-10-01T00:47:59.708+0800 [DEBUG] [org.gradle.cache.internal.DefaultFileLockManager] Lock acquired on daemon addresses registry.
2024-10-01T00:47:59.708+0800 [DEBUG] [org.gradle.cache.internal.DefaultFileLockManager] Releasing lock on daemon addresses registry.
2024-10-01T00:47:59.709+0800 [DEBUG] [org.gradle.cache.internal.DefaultFileLockManager] Waiting to acquire shared lock on daemon addresses registry.
2024-10-01T00:47:59.709+0800 [DEBUG] [org.gradle.cache.internal.DefaultFileLockManager] Lock acquired on daemon addresses registry.
2024-10-01T00:47:59.709+0800 [DEBUG] [org.gradle.cache.internal.DefaultFileLockManager] Releasing lock on daemon addresses registry.
2024-10-01T00:47:59.710+0800 [DEBUG] [org.gradle.cache.internal.DefaultFileLockManager] Waiting to acquire shared lock on daemon addresses registry.
2024-10-01T00:47:59.710+0800 [DEBUG] [org.gradle.cache.internal.DefaultFileLockManager] Lock acquired on daemon addresses registry.
2024-10-01T00:47:59.710+0800 [DEBUG] [org.gradle.cache.internal.DefaultFileLockManager] Releasing lock on daemon addresses registry.
2024-10-01T00:48:00.474+0800 [DEBUG] [org.gradle.internal.remote.internal.inet.TcpIncomingConnector] Accepted connection from /127.0.0.1:64277 to /127.0.0.1:64146.
2024-10-01T00:48:00.477+0800 [DEBUG] [org.gradle.internal.remote.internal.inet.TcpIncomingConnector] Accepted connection from /127.0.0.1:64278 to /127.0.0.1:64146.
2024-10-01T00:48:00.483+0800 [DEBUG] [org.gradle.launcher.daemon.server.SynchronizedDispatchConnection] thread 277: received class org.gradle.launcher.daemon.protocol.StopWhenIdle
2024-10-01T00:48:00.484+0800 [DEBUG] [org.gradle.launcher.daemon.server.DefaultDaemonConnection] thread 277: Received non-IO message from client: StopWhenIdle[id=ce63e26f-9b02-4948-8cd6-bc22d31bb289]
2024-10-01T00:48:00.485+0800 [INFO] [org.gradle.launcher.daemon.server.DefaultIncomingConnectionHandler] Received command: StopWhenIdle[id=ce63e26f-9b02-4948-8cd6-bc22d31bb289].
2024-10-01T00:48:00.486+0800 [DEBUG] [org.gradle.launcher.daemon.server.DefaultIncomingConnectionHandler] Starting executing command: StopWhenIdle[id=ce63e26f-9b02-4948-8cd6-bc22d31bb289] with connection: socket connection from /127.0.0.1:64146 to /127.0.0.1:64277.
2024-10-01T00:48:00.486+0800 [DEBUG] [org.gradle.launcher.daemon.server.DaemonRegistryUpdater] Storing daemon stop event: stop command received
2024-10-01T00:48:00.486+0800 [DEBUG] [org.gradle.launcher.daemon.registry.PersistentDaemonRegistry] Storing daemon stop event with timestamp 1727714880487
2024-10-01T00:48:00.487+0800 [DEBUG] [org.gradle.cache.internal.DefaultFileLockManager] Waiting to acquire exclusive lock on daemon addresses registry.
2024-10-01T00:48:00.488+0800 [DEBUG] [org.gradle.cache.internal.DefaultFileLockManager] Lock acquired on daemon addresses registry.
2024-10-01T00:48:00.489+0800 [DEBUG] [org.gradle.cache.internal.DefaultFileLockManager] Releasing lock on daemon addresses registry.
2024-10-01T00:48:00.490+0800 [LIFECYCLE] [org.gradle.launcher.daemon.server.DaemonStateCoordinator] Daemon will be stopped at the end of the build stop command received
2024-10-01T00:48:00.490+0800 [DEBUG] [org.gradle.launcher.daemon.server.DaemonStateCoordinator] Marking daemon stopped due to stop command received. The daemon is running a build: false
2024-10-01T00:48:00.490+0800 [DEBUG] [org.gradle.launcher.daemon.server.DaemonStateCoordinator] daemon has stopped.
2024-10-01T00:48:00.490+0800 [DEBUG] [org.gradle.launcher.daemon.server.SynchronizedDispatchConnection] thread 21: dispatching Success[value=null]
2024-10-01T00:48:00.490+0800 [DEBUG] [org.gradle.launcher.daemon.server.Daemon] stop() called on daemon
2024-10-01T00:48:00.490+0800 [DEBUG] [org.gradle.launcher.daemon.server.SynchronizedDispatchConnection] thread 277: received class org.gradle.launcher.daemon.protocol.Finished
2024-10-01T00:48:00.490+0800 [DEBUG] [org.gradle.launcher.daemon.server.DefaultIncomingConnectionHandler] Finishing executing command: StopWhenIdle[id=ce63e26f-9b02-4948-8cd6-bc22d31bb289]
2024-10-01T00:48:00.491+0800 [INFO] [org.gradle.launcher.daemon.server.Daemon] Stop requested. Daemon is removing its presence from the registry...
2024-10-01T00:48:00.491+0800 [DEBUG] [org.gradle.launcher.daemon.server.DefaultDaemonConnection] thread 277: Received non-IO message from client: org.gradle.launcher.daemon.protocol.Finished@15f8b0b
2024-10-01T00:48:00.491+0800 [DEBUG] [org.gradle.launcher.daemon.server.SynchronizedDispatchConnection] thread 279: received class org.gradle.launcher.daemon.protocol.StopWhenIdle
2024-10-01T00:48:00.492+0800 [DEBUG] [org.gradle.launcher.daemon.server.DefaultDaemonConnection] thread 279: Received non-IO message from client: StopWhenIdle[id=a89634c5-a24d-460b-a518-0a1be0bfdfed]
2024-10-01T00:48:00.492+0800 [DEBUG] [org.gradle.launcher.daemon.server.DefaultIncomingConnectionHandler] Received finished message: org.gradle.launcher.daemon.protocol.Finished@15f8b0b
2024-10-01T00:48:00.492+0800 [DEBUG] [org.gradle.launcher.daemon.server.SynchronizedDispatchConnection] thread 21: stopping connection
2024-10-01T00:48:00.493+0800 [INFO] [org.gradle.launcher.daemon.server.DefaultIncomingConnectionHandler] Received command: StopWhenIdle[id=a89634c5-a24d-460b-a518-0a1be0bfdfed].
2024-10-01T00:48:00.492+0800 [DEBUG] [org.gradle.launcher.daemon.server.DaemonRegistryUpdater] Removing our presence to clients, eg. removing this address from the registry: [5d990f7d-a435-40de-b707-a940734d7e78 port:64146, addresses:[localhost/127.0.0.1]]
2024-10-01T00:48:00.493+0800 [DEBUG] [org.gradle.launcher.daemon.server.DefaultIncomingConnectionHandler] Starting executing command: StopWhenIdle[id=a89634c5-a24d-460b-a518-0a1be0bfdfed] with connection: socket connection from /127.0.0.1:64146 to /127.0.0.1:64278.
2024-10-01T00:48:00.492+0800 [DEBUG] [org.gradle.internal.remote.internal.inet.SocketConnection] Discarding EOFException: java.io.EOFException
2024-10-01T00:48:00.493+0800 [DEBUG] [org.gradle.launcher.daemon.server.DaemonRegistryUpdater] Storing daemon stop event: stop command received
2024-10-01T00:48:00.493+0800 [DEBUG] [org.gradle.launcher.daemon.registry.PersistentDaemonRegistry] Removing daemon address: [5d990f7d-a435-40de-b707-a940734d7e78 port:64146, addresses:[localhost/127.0.0.1]]
2024-10-01T00:48:00.493+0800 [DEBUG] [org.gradle.launcher.daemon.server.SynchronizedDispatchConnection] thread 277: received null
2024-10-01T00:48:00.493+0800 [DEBUG] [org.gradle.launcher.daemon.server.DefaultDaemonConnection] thread 277: Received end-of-input from client.
2024-10-01T00:48:00.494+0800 [DEBUG] [org.gradle.launcher.daemon.server.SynchronizedDispatchConnection] thread 21: stopping connection
2024-10-01T00:48:00.495+0800 [DEBUG] [org.gradle.cache.internal.DefaultFileLockManager] Waiting to acquire exclusive lock on daemon addresses registry.
2024-10-01T00:48:00.515+0800 [DEBUG] [org.gradle.cache.internal.DefaultFileLockManager] Lock acquired on daemon addresses registry.
2024-10-01T00:48:00.563+0800 [DEBUG] [org.gradle.cache.internal.DefaultFileLockManager] Releasing lock on daemon addresses registry.
2024-10-01T00:48:00.565+0800 [DEBUG] [org.gradle.launcher.daemon.server.DaemonRegistryUpdater] Address removed from registry.
2024-10-01T00:48:00.565+0800 [DEBUG] [org.gradle.launcher.daemon.registry.PersistentDaemonRegistry] Storing daemon stop event with timestamp 1727714880494
2024-10-01T00:48:00.567+0800 [DEBUG] [org.gradle.cache.internal.DefaultFileLockManager] Waiting to acquire exclusive lock on daemon addresses registry.
2024-10-01T00:48:00.568+0800 [DEBUG] [org.gradle.cache.internal.DefaultFileLockManager] Lock acquired on daemon addresses registry.
2024-10-01T00:48:00.569+0800 [DEBUG] [org.gradle.cache.internal.DefaultFileLockManager] Releasing lock on daemon addresses registry.
2024-10-01T00:48:00.570+0800 [DEBUG] [org.gradle.launcher.daemon.server.SynchronizedDispatchConnection] thread 278: dispatching Success[value=null]
2024-10-01T00:48:00.570+0800 [DEBUG] [org.gradle.launcher.daemon.server.DefaultIncomingConnectionHandler] Finishing executing command: StopWhenIdle[id=a89634c5-a24d-460b-a518-0a1be0bfdfed]
2024-10-01T00:48:00.570+0800 [DEBUG] [org.gradle.launcher.daemon.server.SynchronizedDispatchConnection] thread 279: received class org.gradle.launcher.daemon.protocol.Finished
2024-10-01T00:48:00.571+0800 [DEBUG] [org.gradle.launcher.daemon.server.DefaultDaemonConnection] thread 279: Received non-IO message from client: org.gradle.launcher.daemon.protocol.Finished@2779065b
2024-10-01T00:48:00.571+0800 [DEBUG] [org.gradle.internal.remote.internal.inet.SocketConnection] Discarding EOFException: java.io.EOFException
2024-10-01T00:48:00.571+0800 [DEBUG] [org.gradle.launcher.daemon.server.SynchronizedDispatchConnection] thread 279: received null
2024-10-01T00:48:00.571+0800 [DEBUG] [org.gradle.launcher.daemon.server.DefaultDaemonConnection] thread 279: Received end-of-input from client.
2024-10-01T00:48:00.571+0800 [DEBUG] [org.gradle.launcher.daemon.server.DefaultIncomingConnectionHandler] Received finished message: org.gradle.launcher.daemon.protocol.Finished@2779065b
2024-10-01T00:48:00.572+0800 [DEBUG] [org.gradle.launcher.daemon.server.SynchronizedDispatchConnection] thread 278: stopping connection
2024-10-01T00:48:00.572+0800 [DEBUG] [org.gradle.launcher.daemon.server.SynchronizedDispatchConnection] thread 278: stopping connection
2024-10-01T00:48:00.573+0800 [DEBUG] [org.gradle.cache.internal.LockOnDemandCrossProcessCacheAccess] Releasing file lock for jars (C:\Users\kenny\Desktop\info-dance\client\info-dance-android\gradle\caches\jars-9)
2024-10-01T00:48:00.573+0800 [DEBUG] [org.gradle.cache.internal.DefaultFileLockManager] Releasing lock on jars (C:\Users\kenny\Desktop\info-dance\client\info-dance-android\gradle\caches\jars-9).
2024-10-01T00:48:00.581+0800 [DEBUG] [org.gradle.cache.internal.DefaultPersistentDirectoryStore] jars (C:\Users\kenny\Desktop\info-dance\client\info-dance-android\gradle\caches\jars-9) has last been fully cleaned up 1 hours ago
2024-10-01T00:48:00.581+0800 [DEBUG] [org.gradle.cache.internal.LockOnDemandCrossProcessCacheAccess] Releasing file lock for Artifact transforms cache (C:\Users\kenny\Desktop\info-dance\client\info-dance-android\gradle\caches\transforms-3)
2024-10-01T00:48:00.582+0800 [DEBUG] [org.gradle.cache.internal.DefaultFileLockManager] Releasing lock on Artifact transforms cache (C:\Users\kenny\Desktop\info-dance\client\info-dance-android\gradle\caches\transforms-3).
2024-10-01T00:48:00.584+0800 [DEBUG] [org.gradle.cache.internal.DefaultPersistentDirectoryStore] Artifact transforms cache (C:\Users\kenny\Desktop\info-dance\client\info-dance-android\gradle\caches\transforms-3) has last been fully cleaned up 1 hours ago
2024-10-01T00:48:00.593+0800 [DEBUG] [org.gradle.cache.internal.LockOnDemandCrossProcessCacheAccess] Releasing file lock for file content cache (C:\Users\kenny\Desktop\info-dance\client\info-dance-android\gradle\caches\8.4\fileContent)
2024-10-01T00:48:00.593+0800 [DEBUG] [org.gradle.cache.internal.DefaultFileLockManager] Releasing lock on file content cache (C:\Users\kenny\Desktop\info-dance\client\info-dance-android\gradle\caches\8.4\fileContent).
2024-10-01T00:48:00.594+0800 [DEBUG] [org.gradle.internal.watch.vfs.impl.WatchingVirtualFileSystem] Closing VFS, dropping state
2024-10-01T00:48:00.595+0800 [DEBUG] [org.gradle.cache.internal.DefaultCacheCoordinator] Cache Generated Gradle JARs cache (C:\Users\kenny\Desktop\info-dance\client\info-dance-android\gradle\caches\8.4\generated-gradle-jars) was closed 0 times.
2024-10-01T00:48:00.595+0800 [DEBUG] [org.gradle.internal.watch.registry.impl.DefaultFileWatcherRegistry] Finished listening to file system change events
2024-10-01T00:48:00.596+0800 [DEBUG] [org.gradle.cache.internal.LockOnDemandCrossProcessCacheAccess] Releasing file lock for artifact cache (C:\Users\kenny\Desktop\info-dance\client\info-dance-android\gradle\caches\modules-2)
2024-10-01T00:48:00.596+0800 [DEBUG] [org.gradle.cache.internal.btree.BTreePersistentIndexedCache] Closing cache module-artifact.bin (C:\Users\kenny\Desktop\info-dance\client\info-dance-android\gradle\caches\modules-2\metadata-2.106\module-artifact.bin)
2024-10-01T00:48:00.596+0800 [DEBUG] [org.gradle.cache.internal.btree.BTreePersistentIndexedCache] Closing cache module-metadata.bin (C:\Users\kenny\Desktop\info-dance\client\info-dance-android\gradle\caches\modules-2\metadata-2.106\module-metadata.bin)
2024-10-01T00:48:00.597+0800 [DEBUG] [org.gradle.cache.internal.btree.BTreePersistentIndexedCache] Closing cache module-artifacts.bin (C:\Users\kenny\Desktop\info-dance\client\info-dance-android\gradle\caches\modules-2\metadata-2.106\module-artifacts.bin)
2024-10-01T00:48:00.597+0800 [DEBUG] [org.gradle.cache.internal.DefaultFileLockManager] Releasing lock on artifact cache (C:\Users\kenny\Desktop\info-dance\client\info-dance-android\gradle\caches\modules-2).
2024-10-01T00:48:00.597+0800 [DEBUG] [org.gradle.cache.internal.DefaultPersistentDirectoryStore] artifact cache (C:\Users\kenny\Desktop\info-dance\client\info-dance-android\gradle\caches\modules-2) has last been fully cleaned up 1 hours ago
2024-10-01T00:48:00.598+0800 [DEBUG] [org.gradle.cache.internal.LockOnDemandCrossProcessCacheAccess] Releasing file lock for journal cache (C:\Users\kenny\Desktop\info-dance\client\info-dance-android\gradle\caches\journal-1)
2024-10-01T00:48:00.598+0800 [DEBUG] [org.gradle.cache.internal.btree.BTreePersistentIndexedCache] Closing cache file-access.bin (C:\Users\kenny\Desktop\info-dance\client\info-dance-android\gradle\caches\journal-1\file-access.bin)
2024-10-01T00:48:00.598+0800 [DEBUG] [org.gradle.cache.internal.DefaultFileLockManager] Releasing lock on journal cache (C:\Users\kenny\Desktop\info-dance\client\info-dance-android\gradle\caches\journal-1).
2024-10-01T00:48:00.599+0800 [DEBUG] [org.gradle.cache.internal.LockOnDemandCrossProcessCacheAccess] Releasing file lock for file hash cache (C:\Users\kenny\Desktop\info-dance\client\info-dance-android\gradle\caches\8.4\fileHashes)
2024-10-01T00:48:00.599+0800 [DEBUG] [org.gradle.cache.internal.btree.BTreePersistentIndexedCache] Closing cache fileHashes.bin (C:\Users\kenny\Desktop\info-dance\client\info-dance-android\gradle\caches\8.4\fileHashes\fileHashes.bin)
2024-10-01T00:48:00.600+0800 [DEBUG] [org.gradle.cache.internal.btree.BTreePersistentIndexedCache] Closing cache resourceHashesCache.bin (C:\Users\kenny\Desktop\info-dance\client\info-dance-android\gradle\caches\8.4\fileHashes\resourceHashesCache.bin)
2024-10-01T00:48:00.600+0800 [DEBUG] [org.gradle.cache.internal.DefaultFileLockManager] Releasing lock on file hash cache (C:\Users\kenny\Desktop\info-dance\client\info-dance-android\gradle\caches\8.4\fileHashes).
2024-10-01T00:48:00.601+0800 [DEBUG] [org.gradle.cache.internal.LockOnDemandCrossProcessCacheAccess] Releasing file lock for execution history cache (C:\Users\kenny\Desktop\info-dance\client\info-dance-android\gradle\caches\8.4\executionHistory)
2024-10-01T00:48:00.601+0800 [DEBUG] [org.gradle.cache.internal.btree.BTreePersistentIndexedCache] Closing cache executionHistory.bin (C:\Users\kenny\Desktop\info-dance\client\info-dance-android\gradle\caches\8.4\executionHistory\executionHistory.bin)
2024-10-01T00:48:00.601+0800 [DEBUG] [org.gradle.cache.internal.DefaultFileLockManager] Releasing lock on execution history cache (C:\Users\kenny\Desktop\info-dance\client\info-dance-android\gradle\caches\8.4\executionHistory).
2024-10-01T00:48:00.603+0800 [DEBUG] [org.gradle.cache.internal.LockOnDemandCrossProcessCacheAccess] Releasing file lock for Java compile cache (C:\Users\kenny\Desktop\info-dance\client\info-dance-android\gradle\caches\8.4\javaCompile)
2024-10-01T00:48:00.603+0800 [DEBUG] [org.gradle.cache.internal.btree.BTreePersistentIndexedCache] Closing cache jarAnalysis.bin (C:\Users\kenny\Desktop\info-dance\client\info-dance-android\gradle\caches\8.4\javaCompile\jarAnalysis.bin)
2024-10-01T00:48:00.603+0800 [DEBUG] [org.gradle.cache.internal.btree.BTreePersistentIndexedCache] Closing cache classAnalysis.bin (C:\Users\kenny\Desktop\info-dance\client\info-dance-android\gradle\caches\8.4\javaCompile\classAnalysis.bin)
2024-10-01T00:48:00.604+0800 [DEBUG] [org.gradle.cache.internal.DefaultFileLockManager] Releasing lock on Java compile cache (C:\Users\kenny\Desktop\info-dance\client\info-dance-android\gradle\caches\8.4\javaCompile).
2024-10-01T00:48:00.605+0800 [DEBUG] [org.gradle.launcher.daemon.registry.PersistentDaemonRegistry] Removing daemon address: [5d990f7d-a435-40de-b707-a940734d7e78 port:64146, addresses:[localhost/127.0.0.1]]
Daemon vm is shutting down... The daemon has exited normally or was terminated in response to a user interrupt.
2024-10-01T00:48:00.607+0800 [DEBUG] [org.gradle.cache.internal.DefaultFileLockManager] Waiting to acquire exclusive lock on daemon addresses registry.
2024-10-01T00:48:00.608+0800 [DEBUG] [org.gradle.cache.internal.DefaultFileLockManager] Lock acquired on daemon addresses registry.
2024-10-01T00:48:00.611+0800 [DEBUG] [org.gradle.cache.internal.DefaultFileLockManager] Releasing lock on daemon addresses registry.
